--------------------
./configure --prefix=/nfs/zfs-student-4/users/2013/tmielcza/Sujets/UNIX II/Zappy/ZGFX
Sun Jun 15 17:56:45 CEST 2014
Checking for gcc...
=== ztest81797.c ===
extern int getchar();
int hello() {return getchar();}
===
gcc -c ztest81797.c
... using gcc

Checking for obsessive-compulsive compiler options...
=== ztest81797.c ===
int foo() { return 0; }
===
gcc -c -O3 ztest81797.c

Checking for shared library support...
=== ztest81797.c ===
extern int getchar();
int hello() {return getchar();}
===
gcc -w -c -O3 -fPIC ztest81797.c
gcc -dynamiclib -install_name ${exec_prefix}/lib/libz.1.dylib -compatibility_version 1 -current_version 1.2.8 -O3 -fPIC -o ztest81797.dylib ztest81797.o
Building shared library libz.1.2.8.dylib with gcc.

=== ztest81797.c ===
#include <sys/types.h>
off64_t dummy = 0;
===
gcc -c -O3 -D_LARGEFILE64_SOURCE=1 ztest81797.c
ztest81797.c:2:1: error: unknown type name ‘off64_t’
 off64_t dummy = 0;
 ^
(exit code 1)
Checking for off64_t... No.

=== ztest81797.c ===
#include <stdio.h>
int main(void) {
  fseeko(NULL, 0, 0);
  return 0;
}
===
gcc -O3 -o ztest81797 ztest81797.c
Checking for fseeko... Yes.

=== ztest81797.c ===
#include <string.h>
#include <errno.h>
int main() { return strlen(strerror(errno)); }
===
gcc -O3 -o ztest81797 ztest81797.c
Checking for strerror... Yes.

=== ztest81797.c ===
#include <unistd.h>
int main() { return 0; }
===
gcc -c -O3 ztest81797.c
Checking for unistd.h... Yes.

=== ztest81797.c ===
#include <stdarg.h>
int main() { return 0; }
===
gcc -c -O3 ztest81797.c
Checking for stdarg.h... Yes.

=== ztest81797.c ===
#include <stdio.h>
#include <stdarg.h>
#include "zconf.h"
int main()
{
#ifndef STDC
  choke me
#endif
  return 0;
}
===
gcc -c -O3 ztest81797.c
Checking whether to use vs[n]printf() or s[n]printf()... using vs[n]printf().

=== ztest81797.c ===
#include <stdio.h>
#include <stdarg.h>
int mytest(const char *fmt, ...)
{
  char buf[20];
  va_list ap;
  va_start(ap, fmt);
  vsnprintf(buf, sizeof(buf), fmt, ap);
  va_end(ap);
  return 0;
}
int main()
{
  return (mytest("Hello%d\n", 1));
}
===
gcc -O3 -o ztest81797 ztest81797.c
Checking for vsnprintf() in stdio.h... Yes.

=== ztest81797.c ===
#include <stdio.h>
#include <stdarg.h>
int mytest(const char *fmt, ...)
{
  int n;
  char buf[20];
  va_list ap;
  va_start(ap, fmt);
  n = vsnprintf(buf, sizeof(buf), fmt, ap);
  va_end(ap);
  return n;
}
int main()
{
  return (mytest("Hello%d\n", 1));
}
===
gcc -c -O3 ztest81797.c
Checking for return value of vsnprintf()... Yes.

=== ztest81797.c ===
#define ZLIB_INTERNAL __attribute__((visibility ("hidden")))
int ZLIB_INTERNAL foo;
int main()
{
  return 0;
}
===
gcc -c -O3 ztest81797.c
Checking for attribute(visibility) support... Yes.

ALL = static shared
AR = libtool
ARFLAGS = -o
CC = gcc
CFLAGS = -O3 -DHAVE_HIDDEN
CPP = gcc -E
EXE =
LDCONFIG = ldconfig
LDFLAGS =
LDSHARED = gcc -dynamiclib -install_name ${exec_prefix}/lib/libz.1.dylib -compatibility_version 1 -current_version 1.2.8
LDSHAREDLIBC = -lc
OBJC = $(OBJZ) $(OBJG)
PIC_OBJC = $(PIC_OBJZ) $(PIC_OBJG)
RANLIB = ranlib
SFLAGS = -O3 -fPIC -DHAVE_HIDDEN
SHAREDLIB = libz.dylib
SHAREDLIBM = libz.1.dylib
SHAREDLIBV = libz.1.2.8.dylib
STATICLIB = libz.a
TEST = all teststatic testshared
VER = 1.2.8
Z_U4 =
exec_prefix = ${prefix}
includedir = ${prefix}/include
libdir = ${exec_prefix}/lib
mandir = ${prefix}/share/man
prefix = /nfs/zfs-student-4/users/2013/tmielcza/Sujets/UNIX II/Zappy/ZGFX
sharedlibdir = ${libdir}
uname = Darwin
--------------------


--------------------
./configure --prefix=/nfs/zfs-student-4/users/2013/tmielcza/Sujets/UNIX II/Zappy/ZGFX
Sun Jun 15 17:58:13 CEST 2014
Checking for gcc...
=== ztest82161.c ===
extern int getchar();
int hello() {return getchar();}
===
gcc -c ztest82161.c
... using gcc

Checking for obsessive-compulsive compiler options...
=== ztest82161.c ===
int foo() { return 0; }
===
gcc -c -O3 ztest82161.c

Checking for shared library support...
=== ztest82161.c ===
extern int getchar();
int hello() {return getchar();}
===
gcc -w -c -O3 -fPIC ztest82161.c
gcc -dynamiclib -install_name ${exec_prefix}/lib/libz.1.dylib -compatibility_version 1 -current_version 1.2.8 -O3 -fPIC -o ztest82161.dylib ztest82161.o
Building shared library libz.1.2.8.dylib with gcc.

=== ztest82161.c ===
#include <sys/types.h>
off64_t dummy = 0;
===
gcc -c -O3 -D_LARGEFILE64_SOURCE=1 ztest82161.c
ztest82161.c:2:1: error: unknown type name ‘off64_t’
 off64_t dummy = 0;
 ^
(exit code 1)
Checking for off64_t... No.

=== ztest82161.c ===
#include <stdio.h>
int main(void) {
  fseeko(NULL, 0, 0);
  return 0;
}
===
gcc -O3 -o ztest82161 ztest82161.c
Checking for fseeko... Yes.

=== ztest82161.c ===
#include <string.h>
#include <errno.h>
int main() { return strlen(strerror(errno)); }
===
gcc -O3 -o ztest82161 ztest82161.c
Checking for strerror... Yes.

=== ztest82161.c ===
#include <unistd.h>
int main() { return 0; }
===
gcc -c -O3 ztest82161.c
Checking for unistd.h... Yes.

=== ztest82161.c ===
#include <stdarg.h>
int main() { return 0; }
===
gcc -c -O3 ztest82161.c
Checking for stdarg.h... Yes.

=== ztest82161.c ===
#include <stdio.h>
#include <stdarg.h>
#include "zconf.h"
int main()
{
#ifndef STDC
  choke me
#endif
  return 0;
}
===
gcc -c -O3 ztest82161.c
Checking whether to use vs[n]printf() or s[n]printf()... using vs[n]printf().

=== ztest82161.c ===
#include <stdio.h>
#include <stdarg.h>
int mytest(const char *fmt, ...)
{
  char buf[20];
  va_list ap;
  va_start(ap, fmt);
  vsnprintf(buf, sizeof(buf), fmt, ap);
  va_end(ap);
  return 0;
}
int main()
{
  return (mytest("Hello%d\n", 1));
}
===
gcc -O3 -o ztest82161 ztest82161.c
Checking for vsnprintf() in stdio.h... Yes.

=== ztest82161.c ===
#include <stdio.h>
#include <stdarg.h>
int mytest(const char *fmt, ...)
{
  int n;
  char buf[20];
  va_list ap;
  va_start(ap, fmt);
  n = vsnprintf(buf, sizeof(buf), fmt, ap);
  va_end(ap);
  return n;
}
int main()
{
  return (mytest("Hello%d\n", 1));
}
===
gcc -c -O3 ztest82161.c
Checking for return value of vsnprintf()... Yes.

=== ztest82161.c ===
#define ZLIB_INTERNAL __attribute__((visibility ("hidden")))
int ZLIB_INTERNAL foo;
int main()
{
  return 0;
}
===
gcc -c -O3 ztest82161.c
Checking for attribute(visibility) support... Yes.

ALL = static shared
AR = libtool
ARFLAGS = -o
CC = gcc
CFLAGS = -O3 -DHAVE_HIDDEN
CPP = gcc -E
EXE =
LDCONFIG = ldconfig
LDFLAGS =
LDSHARED = gcc -dynamiclib -install_name ${exec_prefix}/lib/libz.1.dylib -compatibility_version 1 -current_version 1.2.8
LDSHAREDLIBC = -lc
OBJC = $(OBJZ) $(OBJG)
PIC_OBJC = $(PIC_OBJZ) $(PIC_OBJG)
RANLIB = ranlib
SFLAGS = -O3 -fPIC -DHAVE_HIDDEN
SHAREDLIB = libz.dylib
SHAREDLIBM = libz.1.dylib
SHAREDLIBV = libz.1.2.8.dylib
STATICLIB = libz.a
TEST = all teststatic testshared
VER = 1.2.8
Z_U4 =
exec_prefix = ${prefix}
includedir = ${prefix}/include
libdir = ${exec_prefix}/lib
mandir = ${prefix}/share/man
prefix = /nfs/zfs-student-4/users/2013/tmielcza/Sujets/UNIX II/Zappy/ZGFX
sharedlibdir = ${libdir}
uname = Darwin
--------------------


--------------------
./configure --prefix=/nfs/zfs-student-4/users/2013/tmielcza/Sujets/UNIX\ II/Zappy/ZGFX
Sun Jun 15 17:59:54 CEST 2014
Checking for gcc...
=== ztest82521.c ===
extern int getchar();
int hello() {return getchar();}
===
gcc -c ztest82521.c
... using gcc

Checking for obsessive-compulsive compiler options...
=== ztest82521.c ===
int foo() { return 0; }
===
gcc -c -O3 ztest82521.c

Checking for shared library support...
=== ztest82521.c ===
extern int getchar();
int hello() {return getchar();}
===
gcc -w -c -O3 -fPIC ztest82521.c
gcc -dynamiclib -install_name ${exec_prefix}/lib/libz.1.dylib -compatibility_version 1 -current_version 1.2.8 -O3 -fPIC -o ztest82521.dylib ztest82521.o
Building shared library libz.1.2.8.dylib with gcc.

=== ztest82521.c ===
#include <sys/types.h>
off64_t dummy = 0;
===
gcc -c -O3 -D_LARGEFILE64_SOURCE=1 ztest82521.c
ztest82521.c:2:1: error: unknown type name ‘off64_t’
 off64_t dummy = 0;
 ^
(exit code 1)
Checking for off64_t... No.

=== ztest82521.c ===
#include <stdio.h>
int main(void) {
  fseeko(NULL, 0, 0);
  return 0;
}
===
gcc -O3 -o ztest82521 ztest82521.c
Checking for fseeko... Yes.

=== ztest82521.c ===
#include <string.h>
#include <errno.h>
int main() { return strlen(strerror(errno)); }
===
gcc -O3 -o ztest82521 ztest82521.c
Checking for strerror... Yes.

=== ztest82521.c ===
#include <unistd.h>
int main() { return 0; }
===
gcc -c -O3 ztest82521.c
Checking for unistd.h... Yes.

=== ztest82521.c ===
#include <stdarg.h>
int main() { return 0; }
===
gcc -c -O3 ztest82521.c
Checking for stdarg.h... Yes.

=== ztest82521.c ===
#include <stdio.h>
#include <stdarg.h>
#include "zconf.h"
int main()
{
#ifndef STDC
  choke me
#endif
  return 0;
}
===
gcc -c -O3 ztest82521.c
Checking whether to use vs[n]printf() or s[n]printf()... using vs[n]printf().

=== ztest82521.c ===
#include <stdio.h>
#include <stdarg.h>
int mytest(const char *fmt, ...)
{
  char buf[20];
  va_list ap;
  va_start(ap, fmt);
  vsnprintf(buf, sizeof(buf), fmt, ap);
  va_end(ap);
  return 0;
}
int main()
{
  return (mytest("Hello%d\n", 1));
}
===
gcc -O3 -o ztest82521 ztest82521.c
Checking for vsnprintf() in stdio.h... Yes.

=== ztest82521.c ===
#include <stdio.h>
#include <stdarg.h>
int mytest(const char *fmt, ...)
{
  int n;
  char buf[20];
  va_list ap;
  va_start(ap, fmt);
  n = vsnprintf(buf, sizeof(buf), fmt, ap);
  va_end(ap);
  return n;
}
int main()
{
  return (mytest("Hello%d\n", 1));
}
===
gcc -c -O3 ztest82521.c
Checking for return value of vsnprintf()... Yes.

=== ztest82521.c ===
#define ZLIB_INTERNAL __attribute__((visibility ("hidden")))
int ZLIB_INTERNAL foo;
int main()
{
  return 0;
}
===
gcc -c -O3 ztest82521.c
Checking for attribute(visibility) support... Yes.

ALL = static shared
AR = libtool
ARFLAGS = -o
CC = gcc
CFLAGS = -O3 -DHAVE_HIDDEN
CPP = gcc -E
EXE =
LDCONFIG = ldconfig
LDFLAGS =
LDSHARED = gcc -dynamiclib -install_name ${exec_prefix}/lib/libz.1.dylib -compatibility_version 1 -current_version 1.2.8
LDSHAREDLIBC = -lc
OBJC = $(OBJZ) $(OBJG)
PIC_OBJC = $(PIC_OBJZ) $(PIC_OBJG)
RANLIB = ranlib
SFLAGS = -O3 -fPIC -DHAVE_HIDDEN
SHAREDLIB = libz.dylib
SHAREDLIBM = libz.1.dylib
SHAREDLIBV = libz.1.2.8.dylib
STATICLIB = libz.a
TEST = all teststatic testshared
VER = 1.2.8
Z_U4 =
exec_prefix = ${prefix}
includedir = ${prefix}/include
libdir = ${exec_prefix}/lib
mandir = ${prefix}/share/man
prefix = /nfs/zfs-student-4/users/2013/tmielcza/Sujets/UNIX\ II/Zappy/ZGFX
sharedlibdir = ${libdir}
uname = Darwin
--------------------


--------------------
./configure --prefix=/nfs/zfs-student-4/users/2013/tmielcza/Sujets/ZAPPY
Sun Jun 15 18:02:01 CEST 2014
Checking for gcc...
=== ztest82889.c ===
extern int getchar();
int hello() {return getchar();}
===
gcc -c ztest82889.c
... using gcc

Checking for obsessive-compulsive compiler options...
=== ztest82889.c ===
int foo() { return 0; }
===
gcc -c -O3 ztest82889.c

Checking for shared library support...
=== ztest82889.c ===
extern int getchar();
int hello() {return getchar();}
===
gcc -w -c -O3 -fPIC ztest82889.c
gcc -dynamiclib -install_name ${exec_prefix}/lib/libz.1.dylib -compatibility_version 1 -current_version 1.2.8 -O3 -fPIC -o ztest82889.dylib ztest82889.o
Building shared library libz.1.2.8.dylib with gcc.

=== ztest82889.c ===
#include <sys/types.h>
off64_t dummy = 0;
===
gcc -c -O3 -D_LARGEFILE64_SOURCE=1 ztest82889.c
ztest82889.c:2:1: error: unknown type name ‘off64_t’
 off64_t dummy = 0;
 ^
(exit code 1)
Checking for off64_t... No.

=== ztest82889.c ===
#include <stdio.h>
int main(void) {
  fseeko(NULL, 0, 0);
  return 0;
}
===
gcc -O3 -o ztest82889 ztest82889.c
Checking for fseeko... Yes.

=== ztest82889.c ===
#include <string.h>
#include <errno.h>
int main() { return strlen(strerror(errno)); }
===
gcc -O3 -o ztest82889 ztest82889.c
Checking for strerror... Yes.

=== ztest82889.c ===
#include <unistd.h>
int main() { return 0; }
===
gcc -c -O3 ztest82889.c
Checking for unistd.h... Yes.

=== ztest82889.c ===
#include <stdarg.h>
int main() { return 0; }
===
gcc -c -O3 ztest82889.c
Checking for stdarg.h... Yes.

=== ztest82889.c ===
#include <stdio.h>
#include <stdarg.h>
#include "zconf.h"
int main()
{
#ifndef STDC
  choke me
#endif
  return 0;
}
===
gcc -c -O3 ztest82889.c
Checking whether to use vs[n]printf() or s[n]printf()... using vs[n]printf().

=== ztest82889.c ===
#include <stdio.h>
#include <stdarg.h>
int mytest(const char *fmt, ...)
{
  char buf[20];
  va_list ap;
  va_start(ap, fmt);
  vsnprintf(buf, sizeof(buf), fmt, ap);
  va_end(ap);
  return 0;
}
int main()
{
  return (mytest("Hello%d\n", 1));
}
===
gcc -O3 -o ztest82889 ztest82889.c
Checking for vsnprintf() in stdio.h... Yes.

=== ztest82889.c ===
#include <stdio.h>
#include <stdarg.h>
int mytest(const char *fmt, ...)
{
  int n;
  char buf[20];
  va_list ap;
  va_start(ap, fmt);
  n = vsnprintf(buf, sizeof(buf), fmt, ap);
  va_end(ap);
  return n;
}
int main()
{
  return (mytest("Hello%d\n", 1));
}
===
gcc -c -O3 ztest82889.c
Checking for return value of vsnprintf()... Yes.

=== ztest82889.c ===
#define ZLIB_INTERNAL __attribute__((visibility ("hidden")))
int ZLIB_INTERNAL foo;
int main()
{
  return 0;
}
===
gcc -c -O3 ztest82889.c
Checking for attribute(visibility) support... Yes.

ALL = static shared
AR = libtool
ARFLAGS = -o
CC = gcc
CFLAGS = -O3 -DHAVE_HIDDEN
CPP = gcc -E
EXE =
LDCONFIG = ldconfig
LDFLAGS =
LDSHARED = gcc -dynamiclib -install_name ${exec_prefix}/lib/libz.1.dylib -compatibility_version 1 -current_version 1.2.8
LDSHAREDLIBC = -lc
OBJC = $(OBJZ) $(OBJG)
PIC_OBJC = $(PIC_OBJZ) $(PIC_OBJG)
RANLIB = ranlib
SFLAGS = -O3 -fPIC -DHAVE_HIDDEN
SHAREDLIB = libz.dylib
SHAREDLIBM = libz.1.dylib
SHAREDLIBV = libz.1.2.8.dylib
STATICLIB = libz.a
TEST = all teststatic testshared
VER = 1.2.8
Z_U4 =
exec_prefix = ${prefix}
includedir = ${prefix}/include
libdir = ${exec_prefix}/lib
mandir = ${prefix}/share/man
prefix = /nfs/zfs-student-4/users/2013/tmielcza/Sujets/ZAPPY
sharedlibdir = ${libdir}
uname = Darwin
--------------------


