This file contains any messages produced by compilers while
running configure, to aid debugging if configure makes a mistake.

It was created by libpng configure 1.6.12, which was
generated by GNU Autoconf 2.69.  Invocation command line was

  $ ./configure --prefix=/Volumes/Data/nfs/zfs-student-4/users/2013/rbernand/rendu/unix2/merge/final

## --------- ##
## Platform. ##
## --------- ##

hostname = e1r10p15.42.fr
uname -m = x86_64
uname -r = 13.2.0
uname -s = Darwin
uname -v = Darwin Kernel Version 13.2.0: Thu Apr 17 23:03:13 PDT 2014; root:xnu-2422.100.13~1/RELEASE_X86_64

/usr/bin/uname -p = i386
/bin/uname -X     = unknown

/bin/arch              = unknown
/usr/bin/arch -k       = unknown
/usr/convex/getsysinfo = unknown
/usr/bin/hostinfo      = Mach kernel version:
	 Darwin Kernel Version 13.2.0: Thu Apr 17 23:03:13 PDT 2014; root:xnu-2422.100.13~1/RELEASE_X86_64
Kernel configured for up to 4 processors.
4 processors are physically available.
4 processors are logically available.
Processor type: i486 (Intel 80486)
Processors active: 0 1 2 3
Primary memory available: 8.00 gigabytes
Default processor set: 180 tasks, 1105 threads, 4 processors
Load average: 1.64, Mach factor: 2.35
/bin/machine           = unknown
/usr/bin/oslevel       = unknown
/bin/universe          = unknown

PATH: /usr/local/bin
PATH: /usr/bin
PATH: /bin
PATH: /usr/sbin
PATH: /sbin
PATH: /opt/X11/bin
PATH: /usr/texbin
PATH: /nfs/zfs-student-4/users/2013/rbernand/.brew/bin
PATH: /nfs/zfs-student-4/users/2013/rbernand/perso


## ----------- ##
## Core tests. ##
## ----------- ##

configure:2319: checking for a BSD-compatible install
configure:2387: result: /usr/bin/install -c
configure:2398: checking whether build environment is sane
configure:2453: result: yes
configure:2604: checking for a thread-safe mkdir -p
configure:2643: result: ./install-sh -c -d
configure:2650: checking for gawk
configure:2680: result: no
configure:2650: checking for mawk
configure:2680: result: no
configure:2650: checking for nawk
configure:2680: result: no
configure:2650: checking for awk
configure:2666: found /usr/bin/awk
configure:2677: result: awk
configure:2688: checking whether make sets $(MAKE)
configure:2710: result: yes
configure:2739: checking whether make supports nested variables
configure:2756: result: yes
configure:2885: checking whether to enable maintainer-specific portions of Makefiles
configure:2894: result: no
configure:2974: checking for gcc
configure:2990: found /usr/local/bin/gcc
configure:3001: result: gcc
configure:3230: checking for C compiler version
configure:3239: gcc --version >&5
gcc (GCC) 4.9.0 20131215 (experimental)
Copyright (C) 2013 Free Software Foundation, Inc.
This is free software; see the source for copying conditions.  There is NO
warranty; not even for MERCHANTABILITY or FITNESS FOR A PARTICULAR PURPOSE.

configure:3250: $? = 0
configure:3239: gcc -v >&5
Using built-in specs.
COLLECT_GCC=gcc
COLLECT_LTO_WRAPPER=/usr/local/libexec/gcc/x86_64-apple-darwin13.0.0/4.9.0/lto-wrapper
Target: x86_64-apple-darwin13.0.0
Configured with: ../gcc-4.9-20131215/configure --enable-languages=c++,fortran
Thread model: posix
gcc version 4.9.0 20131215 (experimental) (GCC) 
configure:3250: $? = 0
configure:3239: gcc -V >&5
gcc: error: unrecognized command line option '-V'
gcc: fatal error: no input files
compilation terminated.
configure:3250: $? = 1
configure:3239: gcc -qversion >&5
gcc: error: unrecognized command line option '-qversion'
gcc: fatal error: no input files
compilation terminated.
configure:3250: $? = 1
configure:3270: checking whether the C compiler works
configure:3292: gcc    conftest.c  >&5
configure:3296: $? = 0
configure:3344: result: yes
configure:3347: checking for C compiler default output file name
configure:3349: result: a.out
configure:3355: checking for suffix of executables
configure:3362: gcc -o conftest    conftest.c  >&5
configure:3366: $? = 0
configure:3388: result: 
configure:3410: checking whether we are cross compiling
configure:3418: gcc -o conftest    conftest.c  >&5
configure:3422: $? = 0
configure:3429: ./conftest
configure:3433: $? = 0
configure:3448: result: no
configure:3453: checking for suffix of object files
configure:3475: gcc -c   conftest.c >&5
configure:3479: $? = 0
configure:3500: result: o
configure:3504: checking whether we are using the GNU C compiler
configure:3523: gcc -c   conftest.c >&5
configure:3523: $? = 0
configure:3532: result: yes
configure:3541: checking whether gcc accepts -g
configure:3561: gcc -c -g  conftest.c >&5
configure:3561: $? = 0
configure:3602: result: yes
configure:3619: checking for gcc option to accept ISO C89
configure:3682: gcc  -c -g -O2  conftest.c >&5
configure:3682: $? = 0
configure:3695: result: none needed
configure:3720: checking whether gcc understands -c and -o together
configure:3742: gcc -c conftest.c -o conftest2.o
configure:3745: $? = 0
configure:3742: gcc -c conftest.c -o conftest2.o
configure:3745: $? = 0
configure:3757: result: yes
configure:3785: checking for style of include used by make
configure:3813: result: GNU
configure:3839: checking dependency style of gcc
configure:3950: result: gcc3
configure:3974: checking dependency style of gcc
configure:4083: result: gcc3
configure:4102: checking build system type
configure:4116: result: x86_64-apple-darwin13.2.0
configure:4136: checking host system type
configure:4149: result: x86_64-apple-darwin13.2.0
configure:4169: checking for a sed that does not truncate output
configure:4233: result: /usr/bin/sed
configure:4251: checking for grep that handles long lines and -e

## ---------------- ##
## Cache variables. ##
## ---------------- ##

ac_cv_build=x86_64-apple-darwin13.2.0
ac_cv_c_compiler_gnu=yes
ac_cv_env_CCASFLAGS_set=
ac_cv_env_CCASFLAGS_value=
ac_cv_env_CCAS_set=
ac_cv_env_CCAS_value=
ac_cv_env_CC_set=
ac_cv_env_CC_value=
ac_cv_env_CFLAGS_set=
ac_cv_env_CFLAGS_value=
ac_cv_env_CPPFLAGS_set=
ac_cv_env_CPPFLAGS_value=
ac_cv_env_CPP_set=
ac_cv_env_CPP_value=
ac_cv_env_LDFLAGS_set=
ac_cv_env_LDFLAGS_value=
ac_cv_env_LIBS_set=
ac_cv_env_LIBS_value=
ac_cv_env_PNG_COPTS_set=
ac_cv_env_PNG_COPTS_value=
ac_cv_env_build_alias_set=
ac_cv_env_build_alias_value=
ac_cv_env_host_alias_set=
ac_cv_env_host_alias_value=
ac_cv_env_target_alias_set=
ac_cv_env_target_alias_value=
ac_cv_host=x86_64-apple-darwin13.2.0
ac_cv_objext=o
ac_cv_path_GREP=/usr/bin/grep
ac_cv_path_SED=/usr/bin/sed
ac_cv_path_install='/usr/bin/install -c'
ac_cv_prog_AWK=awk
ac_cv_prog_ac_ct_CC=gcc
ac_cv_prog_cc_c89=
ac_cv_prog_cc_g=yes
ac_cv_prog_make_make_set=yes
am_cv_CCAS_dependencies_compiler_type=gcc3
am_cv_CC_dependencies_compiler_type=gcc3
am_cv_make_support_nested_variables=yes
am_cv_prog_cc_c_o=yes

## ----------------- ##
## Output variables. ##
## ----------------- ##

ACLOCAL='${SHELL} /Volumes/Data/nfs/zfs-student-4/users/2013/rbernand/rendu/unix2/merge/final/libpng-1.6.12/missing aclocal-1.14'
AMDEPBACKSLASH='\'
AMDEP_FALSE='#'
AMDEP_TRUE=''
AMTAR='$${TAR-tar}'
AM_BACKSLASH='\'
AM_DEFAULT_V='$(AM_DEFAULT_VERBOSITY)'
AM_DEFAULT_VERBOSITY='1'
AM_V='$(V)'
AR=''
AS=''
AUTOCONF='${SHELL} /Volumes/Data/nfs/zfs-student-4/users/2013/rbernand/rendu/unix2/merge/final/libpng-1.6.12/missing autoconf'
AUTOHEADER='${SHELL} /Volumes/Data/nfs/zfs-student-4/users/2013/rbernand/rendu/unix2/merge/final/libpng-1.6.12/missing autoheader'
AUTOMAKE='${SHELL} /Volumes/Data/nfs/zfs-student-4/users/2013/rbernand/rendu/unix2/merge/final/libpng-1.6.12/missing automake-1.14'
AWK='awk'
CC='gcc'
CCAS='gcc'
CCASDEPMODE='depmode=gcc3'
CCASFLAGS='-g -O2'
CCDEPMODE='depmode=gcc3'
CFLAGS='-g -O2'
CPP=''
CPPFLAGS=''
CYGPATH_W='echo'
DEFS=''
DEPDIR='.deps'
DFNCPP=''
DLLTOOL=''
DO_INSTALL_LIBPNG_CONFIG_FALSE=''
DO_INSTALL_LIBPNG_CONFIG_TRUE=''
DO_INSTALL_LIBPNG_PC_FALSE=''
DO_INSTALL_LIBPNG_PC_TRUE=''
DO_INSTALL_LINKS_FALSE=''
DO_INSTALL_LINKS_TRUE=''
DO_PNG_PREFIX_FALSE=''
DO_PNG_PREFIX_TRUE=''
DSYMUTIL=''
DUMPBIN=''
ECHO_C='\c'
ECHO_N=''
ECHO_T=''
EGREP=''
EXEEXT=''
FGREP=''
GREP=''
HAVE_LD_VERSION_SCRIPT_FALSE=''
HAVE_LD_VERSION_SCRIPT_TRUE=''
HAVE_SOLARIS_LD_FALSE=''
HAVE_SOLARIS_LD_TRUE=''
INSTALL_DATA='${INSTALL} -m 644'
INSTALL_PROGRAM='${INSTALL}'
INSTALL_SCRIPT='${INSTALL}'
INSTALL_STRIP_PROGRAM='$(install_sh) -c -s'
LD=''
LDFLAGS=''
LIBOBJS=''
LIBS=''
LIBTOOL=''
LIPO=''
LN_S=''
LTLIBOBJS=''
MAINT='#'
MAINTAINER_MODE_FALSE=''
MAINTAINER_MODE_TRUE='#'
MAKEINFO='${SHELL} /Volumes/Data/nfs/zfs-student-4/users/2013/rbernand/rendu/unix2/merge/final/libpng-1.6.12/missing makeinfo'
MANIFEST_TOOL=''
MKDIR_P='./install-sh -c -d'
NM=''
NMEDIT=''
OBJDUMP=''
OBJEXT='o'
OTOOL64=''
OTOOL=''
PACKAGE='libpng'
PACKAGE_BUGREPORT='png-mng-implement@lists.sourceforge.net'
PACKAGE_NAME='libpng'
PACKAGE_STRING='libpng 1.6.12'
PACKAGE_TARNAME='libpng'
PACKAGE_URL=''
PACKAGE_VERSION='1.6.12'
PATH_SEPARATOR=':'
PNGLIB_MAJOR='1'
PNGLIB_MINOR='6'
PNGLIB_RELEASE='12'
PNGLIB_VERSION='1.6.12'
PNG_ARM_NEON_FALSE=''
PNG_ARM_NEON_TRUE=''
PNG_COPTS=''
PNG_PREFIX=''
POW_LIB=''
RANLIB=''
SED='/usr/bin/sed'
SET_MAKE=''
SHELL='/bin/sh'
STRIP=''
SYMBOL_PREFIX=''
VERSION='1.6.12'
ac_ct_AR=''
ac_ct_CC='gcc'
ac_ct_DUMPBIN=''
am__EXEEXT_FALSE=''
am__EXEEXT_TRUE=''
am__fastdepCCAS_FALSE='#'
am__fastdepCCAS_TRUE=''
am__fastdepCC_FALSE='#'
am__fastdepCC_TRUE=''
am__include='include'
am__isrc=''
am__leading_dot='.'
am__nodep='_no'
am__quote=''
am__tar='$${TAR-tar} chof - "$$tardir"'
am__untar='$${TAR-tar} xf -'
binconfigs=''
bindir='${exec_prefix}/bin'
build='x86_64-apple-darwin13.2.0'
build_alias=''
build_cpu='x86_64'
build_os='darwin13.2.0'
build_vendor='apple'
datadir='${datarootdir}'
datarootdir='${prefix}/share'
docdir='${datarootdir}/doc/${PACKAGE_TARNAME}'
dvidir='${docdir}'
exec_prefix='NONE'
host='x86_64-apple-darwin13.2.0'
host_alias=''
host_cpu='x86_64'
host_os='darwin13.2.0'
host_vendor='apple'
htmldir='${docdir}'
includedir='${prefix}/include'
infodir='${datarootdir}/info'
install_sh='${SHELL} /Volumes/Data/nfs/zfs-student-4/users/2013/rbernand/rendu/unix2/merge/final/libpng-1.6.12/install-sh'
libdir='${exec_prefix}/lib'
libexecdir='${exec_prefix}/libexec'
localedir='${datarootdir}/locale'
localstatedir='${prefix}/var'
mandir='${datarootdir}/man'
mkdir_p='$(MKDIR_P)'
oldincludedir='/usr/include'
pdfdir='${docdir}'
pkgconfigdir=''
prefix='/Volumes/Data/nfs/zfs-student-4/users/2013/rbernand/rendu/unix2/merge/final'
program_transform_name='s,x,x,'
psdir='${docdir}'
sbindir='${exec_prefix}/sbin'
sharedstatedir='${prefix}/com'
sysconfdir='${prefix}/etc'
target_alias=''

## ----------- ##
## confdefs.h. ##
## ----------- ##

/* confdefs.h */
#define PACKAGE_NAME "libpng"
#define PACKAGE_TARNAME "libpng"
#define PACKAGE_VERSION "1.6.12"
#define PACKAGE_STRING "libpng 1.6.12"
#define PACKAGE_BUGREPORT "png-mng-implement@lists.sourceforge.net"
#define PACKAGE_URL ""
#define PACKAGE "libpng"
#define VERSION "1.6.12"

configure: caught signal 2
configure: exit 1
